INFO: [VRFC 10-2263] Analyzing SystemVerilog file "D:/working/harman_FPGA/20250409_RISC_V_R_S_L_Type/20250409_RISC_V_R_S_L_Type.srcs/sources_1/new/ControlUnit.sv" into library xil_defaultlib
INFO: [VRFC 10-311] analyzing module ControlUnit
INFO: [VRFC 10-2263] Analyzing SystemVerilog file "D:/working/harman_FPGA/20250409_RISC_V_R_S_L_Type/20250409_RISC_V_R_S_L_Type.srcs/sources_1/new/DataPath.sv" into library xil_defaultlib
INFO: [VRFC 10-311] analyzing module DataPath
INFO: [VRFC 10-311] analyzing module alu
INFO: [VRFC 10-311] analyzing module register
INFO: [VRFC 10-311] analyzing module adder
INFO: [VRFC 10-311] analyzing module RegisterFile
INFO: [VRFC 10-311] analyzing module mux_2x1
INFO: [VRFC 10-311] analyzing module extend
INFO: [VRFC 10-2263] Analyzing SystemVerilog file "D:/working/harman_FPGA/20250409_RISC_V_R_S_L_Type/20250409_RISC_V_R_S_L_Type.srcs/sources_1/new/MCU.sv" into library xil_defaultlib
INFO: [VRFC 10-311] analyzing module MCU
INFO: [VRFC 10-2263] Analyzing SystemVerilog file "D:/working/harman_FPGA/20250409_RISC_V_R_S_L_Type/20250409_RISC_V_R_S_L_Type.srcs/sources_1/new/RV32I_Core.sv" into library xil_defaultlib
INFO: [VRFC 10-311] analyzing module RV32I_Core
INFO: [VRFC 10-2263] Analyzing SystemVerilog file "D:/working/harman_FPGA/20250409_RISC_V_R_S_L_Type/20250409_RISC_V_R_S_L_Type.srcs/sources_1/new/ram.sv" into library xil_defaultlib
INFO: [VRFC 10-311] analyzing module ram
INFO: [VRFC 10-2263] Analyzing SystemVerilog file "D:/working/harman_FPGA/20250409_RISC_V_R_S_L_Type/20250409_RISC_V_R_S_L_Type.srcs/sources_1/new/rom.sv" into library xil_defaultlib
INFO: [VRFC 10-311] analyzing module rom
INFO: [VRFC 10-2263] Analyzing SystemVerilog file "D:/working/harman_FPGA/20250409_RISC_V_R_S_L_Type/20250409_RISC_V_R_S_L_Type.srcs/sim_1/new/tb_RV32I.sv" into library xil_defaultlib
INFO: [VRFC 10-311] analyzing module tb_RV32I
